TN:
SF:src\comparer.js
FN:5,(anonymous_0)
FN:9,(anonymous_1)
FNF:2
FNH:2
FNDA:1,(anonymous_0)
FNDA:5,(anonymous_1)
DA:5,1
DA:6,1
DA:9,1
DA:10,5
DA:14,5
DA:15,1
DA:20,5
DA:21,2
DA:26,5
DA:27,2
DA:28,1
DA:29,1
DA:35,5
DA:36,2
DA:37,1
DA:41,5
DA:50,1
DA:51,1
LF:18
LH:18
BRDA:14,0,0,1
BRDA:14,0,1,4
BRDA:14,1,0,5
BRDA:14,1,1,1
BRDA:20,2,0,2
BRDA:20,2,1,3
BRDA:20,3,0,5
BRDA:20,3,1,4
BRDA:26,4,0,2
BRDA:26,4,1,3
BRDA:26,5,0,5
BRDA:26,5,1,4
BRDA:27,6,0,1
BRDA:27,6,1,1
BRDA:35,7,0,2
BRDA:35,7,1,3
BRDA:35,8,0,5
BRDA:35,8,1,4
BRDA:36,9,0,1
BRDA:36,9,1,1
BRF:20
BRH:20
end_of_record
TN:
SF:src\index.js
FN:21,(anonymous_0)
FNF:1
FNH:1
FNDA:1,(anonymous_0)
DA:21,1
DA:22,1
DA:23,1
DA:28,1
LF:4
LH:4
BRF:0
BRH:0
end_of_record
